This file contains any messages produced by compilers while
running configure, to aid debugging if configure makes a mistake.

It was created by libxkbfile configure 1.1.0, which was
generated by GNU Autoconf 2.69.  Invocation command line was

  $ ./configure 

## --------- ##
## Platform. ##
## --------- ##

hostname = via-VirtualBox
uname -m = x86_64
uname -r = 5.11.0-37-generic
uname -s = Linux
uname -v = #41~20.04.2-Ubuntu SMP Fri Sep 24 09:06:38 UTC 2021

/usr/bin/uname -p = x86_64
/bin/uname -X     = unknown

/bin/arch              = x86_64
/usr/bin/arch -k       = unknown
/usr/convex/getsysinfo = unknown
/usr/bin/hostinfo      = unknown
/bin/machine           = unknown
/usr/bin/oslevel       = unknown
/bin/universe          = unknown

PATH: /usr/local/sbin
PATH: /usr/local/bin
PATH: /usr/sbin
PATH: /usr/bin
PATH: /sbin
PATH: /bin
PATH: /usr/games
PATH: /usr/local/games
PATH: /snap/bin


## ----------- ##
## Core tests. ##
## ----------- ##

configure:2261: checking for a BSD-compatible install
configure:2329: result: /usr/bin/install -c
configure:2340: checking whether build environment is sane
configure:2395: result: yes
configure:2544: checking for a thread-safe mkdir -p
configure:2583: result: /usr/bin/mkdir -p
configure:2590: checking for gawk
configure:2620: result: no
configure:2590: checking for mawk
configure:2606: found /usr/bin/mawk
configure:2617: result: mawk
configure:2628: checking whether make sets $(MAKE)
configure:2650: result: yes
configure:2679: checking whether make supports nested variables
configure:2696: result: yes
configure:2853: checking build system type
configure:2867: result: x86_64-pc-linux-gnu
configure:2887: checking host system type
configure:2900: result: x86_64-pc-linux-gnu
configure:2941: checking how to print strings
configure:2968: result: printf
configure:3001: checking for style of include used by make
configure:3029: result: GNU
configure:3100: checking for gcc
configure:3116: found /usr/bin/gcc
configure:3127: result: gcc
configure:3356: checking for C compiler version
configure:3365: gcc --version >&5
gcc (Ubuntu 9.3.0-17ubuntu1~20.04) 9.3.0
Copyright (C) 2019 Free Software Foundation, Inc.
This is free software; see the source for copying conditions.  There is NO
warranty; not even for MERCHANTABILITY or FITNESS FOR A PARTICULAR PURPOSE.

configure:3376: $? = 0
configure:3365: gcc -v >&5
Using built-in specs.
COLLECT_GCC=gcc
COLLECT_LTO_WRAPPER=/usr/lib/gcc/x86_64-linux-gnu/9/lto-wrapper
OFFLOAD_TARGET_NAMES=nvptx-none:hsa
OFFLOAD_TARGET_DEFAULT=1
Target: x86_64-linux-gnu
Configured with: ../src/configure -v --with-pkgversion='Ubuntu 9.3.0-17ubuntu1~20.04' --with-bugurl=file:///usr/share/doc/gcc-9/README.Bugs --enable-languages=c,ada,c++,go,brig,d,fortran,objc,obj-c++,gm2 --prefix=/usr --with-gcc-major-version-only --program-suffix=-9 --program-prefix=x86_64-linux-gnu- --enable-shared --enable-linker-build-id --libexecdir=/usr/lib --without-included-gettext --enable-threads=posix --libdir=/usr/lib --enable-nls --enable-clocale=gnu --enable-libstdcxx-debug --enable-libstdcxx-time=yes --with-default-libstdcxx-abi=new --enable-gnu-unique-object --disable-vtable-verify --enable-plugin --enable-default-pie --with-system-zlib --with-target-system-zlib=auto --enable-objc-gc=auto --enable-multiarch --disable-werror --with-arch-32=i686 --with-abi=m64 --with-multilib-list=m32,m64,mx32 --enable-multilib --with-tune=generic --enable-offload-targets=nvptx-none=/build/gcc-9-HskZEa/gcc-9-9.3.0/debian/tmp-nvptx/usr,hsa --without-cuda-driver --enable-checking=release --build=x86_64-linux-gnu --host=x86_64-linux-gnu --target=x86_64-linux-gnu
Thread model: posix
gcc version 9.3.0 (Ubuntu 9.3.0-17ubuntu1~20.04) 
configure:3376: $? = 0
configure:3365: gcc -V >&5
gcc: error: unrecognized command line option '-V'
gcc: fatal error: no input files
compilation terminated.
configure:3376: $? = 1
configure:3365: gcc -qversion >&5
gcc: error: unrecognized command line option '-qversion'; did you mean '--version'?
gcc: fatal error: no input files
compilation terminated.
configure:3376: $? = 1
configure:3396: checking whether the C compiler works
configure:3418: gcc    conftest.c  >&5
configure:3422: $? = 0
configure:3470: result: yes
configure:3473: checking for C compiler default output file name
configure:3475: result: a.out
configure:3481: checking for suffix of executables
configure:3488: gcc -o conftest    conftest.c  >&5
configure:3492: $? = 0
configure:3514: result: 
configure:3536: checking whether we are cross compiling
configure:3544: gcc -o conftest    conftest.c  >&5
configure:3548: $? = 0
configure:3555: ./conftest
configure:3559: $? = 0
configure:3547: result: no
configure:3552: checking for suffix of object files
configure:3574: gcc -c   conftest.c >&5
configure:3578: $? = 0
configure:3599: result: o
configure:3603: checking whether we are using the GNU C compiler
configure:3622: gcc -c   conftest.c >&5
configure:3622: $? = 0
configure:3631: result: yes
configure:3640: checking whether gcc accepts -g
configure:3660: gcc -c -g  conftest.c >&5
configure:3660: $? = 0
configure:3701: result: yes
configure:3718: checking for gcc option to accept ISO C89
configure:3781: gcc  -c -g -O2  conftest.c >&5
configure:3781: $? = 0
configure:3794: result: none needed
configure:3819: checking whether gcc understands -c and -o together
configure:3841: gcc -c conftest.c -o conftest2.o
configure:3844: $? = 0
configure:3841: gcc -c conftest.c -o conftest2.o
configure:3844: $? = 0
configure:3856: result: yes
configure:3875: checking dependency style of gcc
configure:3986: result: gcc3
configure:4001: checking for a sed that does not truncate output
configure:4065: result: /usr/bin/sed
configure:4083: checking for grep that handles long lines and -e
configure:4141: result: /usr/bin/grep
configure:4146: checking for egrep
configure:4208: result: /usr/bin/grep -E
configure:4213: checking for fgrep
configure:4275: result: /usr/bin/grep -F
configure:4310: checking for ld used by gcc
configure:4377: result: /usr/bin/ld
configure:4384: checking if the linker (/usr/bin/ld) is GNU ld
configure:4399: result: yes
configure:4411: checking for BSD- or MS-compatible name lister (nm)
configure:4465: result: /usr/bin/nm -B
configure:4595: checking the name lister (/usr/bin/nm -B) interface
configure:4602: gcc -c -g -O2  conftest.c >&5
configure:4605: /usr/bin/nm -B "conftest.o"
configure:4608: output
0000000000000000 B some_variable
configure:4609: result: BSD nm
configure:4612: checking whether ln -s works
configure:4616: result: yes
configure:4624: checking the maximum length of command line arguments
configure:4755: result: 1572864
configure:4803: checking how to convert x86_64-pc-linux-gnu file names to x86_64-pc-linux-gnu format
configure:4843: result: func_convert_file_noop
configure:4850: checking how to convert x86_64-pc-linux-gnu file names to toolchain format
configure:4870: result: func_convert_file_noop
configure:4877: checking for /usr/bin/ld option to reload object files
configure:4884: result: -r
configure:4958: checking for objdump
configure:4974: found /usr/bin/objdump
configure:4985: result: objdump
configure:5017: checking how to recognize dependent libraries
configure:5217: result: pass_all
configure:5302: checking for dlltool
configure:5332: result: no
configure:5362: checking how to associate runtime and link libraries
configure:5389: result: printf %s\n
configure:5450: checking for ar
configure:5466: found /usr/bin/ar
configure:5477: result: ar
configure:5514: checking for archiver @FILE support
configure:5531: gcc -c -g -O2  conftest.c >&5
configure:5531: $? = 0
configure:5534: ar cru libconftest.a @conftest.lst >&5
ar: `u' modifier ignored since `D' is the default (see `U')
configure:5537: $? = 0
configure:5542: ar cru libconftest.a @conftest.lst >&5
ar: `u' modifier ignored since `D' is the default (see `U')
ar: conftest.o: No such file or directory
configure:5545: $? = 1
configure:5544: result: @
configure:5602: checking for strip
configure:5618: found /usr/bin/strip
configure:5629: result: strip
configure:5701: checking for ranlib
configure:5717: found /usr/bin/ranlib
configure:5728: result: ranlib
configure:5830: checking command to parse /usr/bin/nm -B output from gcc object
configure:5983: gcc -c -g -O2  conftest.c >&5
configure:5986: $? = 0
configure:5990: /usr/bin/nm -B conftest.o \| sed -n -e 's/^.*[ ]\([ABCDGIRSTW][ABCDGIRSTW]*\)[ ][ ]*\([_A-Za-z][_A-Za-z0-9]*\)$/\1 \2 \2/p' | sed '/ __gnu_lto/d' \> conftest.nm
configure:5993: $? = 0
configure:6059: gcc -o conftest -g -O2   conftest.c conftstm.o >&5
configure:6062: $? = 0
configure:6100: result: ok
configure:6147: checking for sysroot
configure:6177: result: no
configure:6184: checking for a working dd
configure:6222: result: /usr/bin/dd
configure:6226: checking how to truncate binary pipes
configure:6241: result: /usr/bin/dd bs=4096 count=1
configure:6377: gcc -c -g -O2  conftest.c >&5
configure:6380: $? = 0
configure:6570: checking for mt
configure:6586: found /usr/bin/mt
configure:6597: result: mt
configure:6620: checking if mt is a manifest tool
configure:6626: mt '-?'
configure:6634: result: no
configure:7311: checking how to run the C preprocessor
configure:7342: gcc -E  conftest.c
configure:7342: $? = 0
configure:7356: gcc -E  conftest.c
conftest.c:11:10: fatal error: ac_nonexistent.h: No such file or directory
   11 | #include <ac_nonexistent.h>
      |          ^~~~~~~~~~~~~~~~~~
compilation terminated.
configure:7356: $? = 1
configure: failed program was:
| /* confdefs.h */
| #define PACKAGE_NAME "libxkbfile"
| #define PACKAGE_TARNAME "libxkbfile"
| #define PACKAGE_VERSION "1.1.0"
| #define PACKAGE_STRING "libxkbfile 1.1.0"
| #define PACKAGE_BUGREPORT "https://gitlab.freedesktop.org/xorg/lib/libxkbfile/issues"
| #define PACKAGE_URL ""
| #define PACKAGE "libxkbfile"
| #define VERSION "1.1.0"
| /* end confdefs.h.  */
| #include <ac_nonexistent.h>
configure:7381: result: gcc -E
configure:7401: gcc -E  conftest.c
configure:7401: $? = 0
configure:7415: gcc -E  conftest.c
conftest.c:11:10: fatal error: ac_nonexistent.h: No such file or directory
   11 | #include <ac_nonexistent.h>
      |          ^~~~~~~~~~~~~~~~~~
compilation terminated.
configure:7415: $? = 1
configure: failed program was:
| /* confdefs.h */
| #define PACKAGE_NAME "libxkbfile"
| #define PACKAGE_TARNAME "libxkbfile"
| #define PACKAGE_VERSION "1.1.0"
| #define PACKAGE_STRING "libxkbfile 1.1.0"
| #define PACKAGE_BUGREPORT "https://gitlab.freedesktop.org/xorg/lib/libxkbfile/issues"
| #define PACKAGE_URL ""
| #define PACKAGE "libxkbfile"
| #define VERSION "1.1.0"
| /* end confdefs.h.  */
| #include <ac_nonexistent.h>
configure:7444: checking for ANSI C header files
configure:7464: gcc -c -g -O2  conftest.c >&5
configure:7464: $? = 0
configure:7537: gcc -o conftest -g -O2   conftest.c  >&5
configure:7537: $? = 0
configure:7537: ./conftest
configure:7537: $? = 0
configure:7548: result: yes
configure:7561: checking for sys/types.h
configure:7561: gcc -c -g -O2  conftest.c >&5
configure:7561: $? = 0
configure:7561: result: yes
configure:7561: checking for sys/stat.h
configure:7561: gcc -c -g -O2  conftest.c >&5
configure:7561: $? = 0
configure:7561: result: yes
configure:7561: checking for stdlib.h
configure:7561: gcc -c -g -O2  conftest.c >&5
configure:7561: $? = 0
configure:7561: result: yes
configure:7561: checking for string.h
configure:7561: gcc -c -g -O2  conftest.c >&5
configure:7561: $? = 0
configure:7561: result: yes
configure:7561: checking for memory.h
configure:7561: gcc -c -g -O2  conftest.c >&5
configure:7561: $? = 0
configure:7561: result: yes
configure:7561: checking for strings.h
configure:7561: gcc -c -g -O2  conftest.c >&5
configure:7561: $? = 0
configure:7561: result: yes
configure:7561: checking for inttypes.h
configure:7561: gcc -c -g -O2  conftest.c >&5
configure:7561: $? = 0
configure:7561: result: yes
configure:7561: checking for stdint.h
configure:7561: gcc -c -g -O2  conftest.c >&5
configure:7561: $? = 0
configure:7561: result: yes
configure:7561: checking for unistd.h
configure:7561: gcc -c -g -O2  conftest.c >&5
configure:7561: $? = 0
configure:7561: result: yes
configure:7575: checking for dlfcn.h
configure:7575: gcc -c -g -O2  conftest.c >&5
configure:7575: $? = 0
configure:7575: result: yes
configure:7831: checking for objdir
configure:7846: result: .libs
configure:8106: checking if gcc supports -fno-rtti -fno-exceptions
configure:8124: gcc -c -g -O2  -fno-rtti -fno-exceptions conftest.c >&5
cc1: warning: command line option '-fno-rtti' is valid for C++/D/ObjC++ but not for C
configure:8128: $? = 0
configure:8141: result: no
configure:8499: checking for gcc option to produce PIC
configure:8506: result: -fPIC -DPIC
configure:8514: checking if gcc PIC flag -fPIC -DPIC works
configure:8532: gcc -c -g -O2  -fPIC -DPIC -DPIC conftest.c >&5
configure:8536: $? = 0
configure:8549: result: yes
configure:8578: checking if gcc static flag -static works
configure:8606: result: yes
configure:8621: checking if gcc supports -c -o file.o
configure:8642: gcc -c -g -O2  -o out/conftest2.o conftest.c >&5
configure:8646: $? = 0
configure:8668: result: yes
configure:8676: checking if gcc supports -c -o file.o
configure:8723: result: yes
configure:8756: checking whether the gcc linker (/usr/bin/ld -m elf_x86_64) supports shared libraries
configure:10015: result: yes
configure:10052: checking whether -lc should be explicitly linked in
configure:10060: gcc -c -g -O2  conftest.c >&5
configure:10063: $? = 0
configure:10078: gcc -shared  -fPIC -DPIC conftest.o  -v -Wl,-soname -Wl,conftest -o conftest 2\>\&1 \| /usr/bin/grep  -lc  \>/dev/null 2\>\&1
configure:10081: $? = 0
configure:10095: result: no
configure:10255: checking dynamic linker characteristics
configure:10836: gcc -o conftest -g -O2   -Wl,-rpath -Wl,/foo conftest.c  >&5
configure:10836: $? = 0
configure:11073: result: GNU/Linux ld.so
configure:11195: checking how to hardcode library paths into programs
configure:11220: result: immediate
configure:11768: checking whether stripping libraries is possible
configure:11773: result: yes
configure:11808: checking if libtool supports shared libraries
configure:11810: result: yes
configure:11813: checking whether to build shared libraries
configure:11838: result: yes
configure:11841: checking whether to build static libraries
configure:11845: result: yes
configure:8687: checking for gcc option to accept ISO C99
configure:8836: gcc  -c -g -O2  conftest.c >&5
configure:8836: $? = 0
configure:8849: result: none needed
configure:8868: checking whether __clang__ is declared
configure:8868: gcc -c -g -O2  conftest.c >&5
conftest.c: In function 'main':
conftest.c:63:10: error: '__clang__' undeclared (first use in this function)
   63 |   (void) __clang__;
      |          ^~~~~~~~~
conftest.c:63:10: note: each undeclared identifier is reported only once for each function it appears in
configure:8868: $? = 1
configure: failed program was:
| /* confdefs.h */
| #define PACKAGE_NAME "libxkbfile"
| #define PACKAGE_TARNAME "libxkbfile"
| #define PACKAGE_VERSION "1.1.0"
| #define PACKAGE_STRING "libxkbfile 1.1.0"
| #define PACKAGE_BUGREPORT "https://gitlab.freedesktop.org/xorg/lib/libxkbfile/issues"
| #define PACKAGE_URL ""
| #define PACKAGE "libxkbfile"
| #define VERSION "1.1.0"
| #define STDC_HEADERS 1
| #define HAVE_SYS_TYPES_H 1
| #define HAVE_SYS_STAT_H 1
| #define HAVE_STDLIB_H 1
| #define HAVE_STRING_H 1
| #define HAVE_MEMORY_H 1
| #define HAVE_STRINGS_H 1
| #define HAVE_INTTYPES_H 1
| #define HAVE_STDINT_H 1
| #define HAVE_UNISTD_H 1
| #define HAVE_DLFCN_H 1
| #define LT_OBJDIR ".libs/"
| /* end confdefs.h.  */
| #include <stdio.h>
| #ifdef HAVE_SYS_TYPES_H
| # include <sys/types.h>
| #endif
| #ifdef HAVE_SYS_STAT_H
| # include <sys/stat.h>
| #endif
| #ifdef STDC_HEADERS
| # include <stdlib.h>
| # include <stddef.h>
| #else
| # ifdef HAVE_STDLIB_H
| #  include <stdlib.h>
| # endif
| #endif
| #ifdef HAVE_STRING_H
| # if !defined STDC_HEADERS && defined HAVE_MEMORY_H
| #  include <memory.h>
| # endif
| # include <string.h>
| #endif
| #ifdef HAVE_STRINGS_H
| # include <strings.h>
| #endif
| #ifdef HAVE_INTTYPES_H
| # include <inttypes.h>
| #endif
| #ifdef HAVE_STDINT_H
| # include <stdint.h>
| #endif
| #ifdef HAVE_UNISTD_H
| # include <unistd.h>
| #endif
| int
| main ()
| {
| #ifndef __clang__
| #ifdef __cplusplus
|   (void) __clang__;
| #else
|   (void) __clang__;
| #endif
| #endif
| 
|   ;
|   return 0;
| }
configure:8868: result: no
configure:8875: checking whether __INTEL_COMPILER is declared
configure:8875: gcc -c -g -O2  conftest.c >&5
conftest.c: In function 'main':
conftest.c:63:10: error: '__INTEL_COMPILER' undeclared (first use in this function)
   63 |   (void) __INTEL_COMPILER;
      |          ^~~~~~~~~~~~~~~~
conftest.c:63:10: note: each undeclared identifier is reported only once for each function it appears in
configure:8875: $? = 1
configure: failed program was:
| /* confdefs.h */
| #define PACKAGE_NAME "libxkbfile"
| #define PACKAGE_TARNAME "libxkbfile"
| #define PACKAGE_VERSION "1.1.0"
| #define PACKAGE_STRING "libxkbfile 1.1.0"
| #define PACKAGE_BUGREPORT "https://gitlab.freedesktop.org/xorg/lib/libxkbfile/issues"
| #define PACKAGE_URL ""
| #define PACKAGE "libxkbfile"
| #define VERSION "1.1.0"
| #define STDC_HEADERS 1
| #define HAVE_SYS_TYPES_H 1
| #define HAVE_SYS_STAT_H 1
| #define HAVE_STDLIB_H 1
| #define HAVE_STRING_H 1
| #define HAVE_MEMORY_H 1
| #define HAVE_STRINGS_H 1
| #define HAVE_INTTYPES_H 1
| #define HAVE_STDINT_H 1
| #define HAVE_UNISTD_H 1
| #define HAVE_DLFCN_H 1
| #define LT_OBJDIR ".libs/"
| /* end confdefs.h.  */
| #include <stdio.h>
| #ifdef HAVE_SYS_TYPES_H
| # include <sys/types.h>
| #endif
| #ifdef HAVE_SYS_STAT_H
| # include <sys/stat.h>
| #endif
| #ifdef STDC_HEADERS
| # include <stdlib.h>
| # include <stddef.h>
| #else
| # ifdef HAVE_STDLIB_H
| #  include <stdlib.h>
| # endif
| #endif
| #ifdef HAVE_STRING_H
| # if !defined STDC_HEADERS && defined HAVE_MEMORY_H
| #  include <memory.h>
| # endif
| # include <string.h>
| #endif
| #ifdef HAVE_STRINGS_H
| # include <strings.h>
| #endif
| #ifdef HAVE_INTTYPES_H
| # include <inttypes.h>
| #endif
| #ifdef HAVE_STDINT_H
| # include <stdint.h>
| #endif
| #ifdef HAVE_UNISTD_H
| # include <unistd.h>
| #endif
| int
| main ()
| {
| #ifndef __INTEL_COMPILER
| #ifdef __cplusplus
|   (void) __INTEL_COMPILER;
| #else
|   (void) __INTEL_COMPILER;
| #endif
| #endif
| 
|   ;
|   return 0;
| }
configure:8875: result: no
configure:8882: checking whether __SUNPRO_C is declared
configure:8882: gcc -c -g -O2  conftest.c >&5
conftest.c: In function 'main':
conftest.c:63:10: error: '__SUNPRO_C' undeclared (first use in this function)
   63 |   (void) __SUNPRO_C;
      |          ^~~~~~~~~~
conftest.c:63:10: note: each undeclared identifier is reported only once for each function it appears in
configure:8882: $? = 1
configure: failed program was:
| /* confdefs.h */
| #define PACKAGE_NAME "libxkbfile"
| #define PACKAGE_TARNAME "libxkbfile"
| #define PACKAGE_VERSION "1.1.0"
| #define PACKAGE_STRING "libxkbfile 1.1.0"
| #define PACKAGE_BUGREPORT "https://gitlab.freedesktop.org/xorg/lib/libxkbfile/issues"
| #define PACKAGE_URL ""
| #define PACKAGE "libxkbfile"
| #define VERSION "1.1.0"
| #define STDC_HEADERS 1
| #define HAVE_SYS_TYPES_H 1
| #define HAVE_SYS_STAT_H 1
| #define HAVE_STDLIB_H 1
| #define HAVE_STRING_H 1
| #define HAVE_MEMORY_H 1
| #define HAVE_STRINGS_H 1
| #define HAVE_INTTYPES_H 1
| #define HAVE_STDINT_H 1
| #define HAVE_UNISTD_H 1
| #define HAVE_DLFCN_H 1
| #define LT_OBJDIR ".libs/"
| /* end confdefs.h.  */
| #include <stdio.h>
| #ifdef HAVE_SYS_TYPES_H
| # include <sys/types.h>
| #endif
| #ifdef HAVE_SYS_STAT_H
| # include <sys/stat.h>
| #endif
| #ifdef STDC_HEADERS
| # include <stdlib.h>
| # include <stddef.h>
| #else
| # ifdef HAVE_STDLIB_H
| #  include <stdlib.h>
| # endif
| #endif
| #ifdef HAVE_STRING_H
| # if !defined STDC_HEADERS && defined HAVE_MEMORY_H
| #  include <memory.h>
| # endif
| # include <string.h>
| #endif
| #ifdef HAVE_STRINGS_H
| # include <strings.h>
| #endif
| #ifdef HAVE_INTTYPES_H
| # include <inttypes.h>
| #endif
| #ifdef HAVE_STDINT_H
| # include <stdint.h>
| #endif
| #ifdef HAVE_UNISTD_H
| # include <unistd.h>
| #endif
| int
| main ()
| {
| #ifndef __SUNPRO_C
| #ifdef __cplusplus
|   (void) __SUNPRO_C;
| #else
|   (void) __SUNPRO_C;
| #endif
| #endif
| 
|   ;
|   return 0;
| }
configure:8882: result: no
configure:8999: checking pkg-config is at least version 0.9.0
configure:9005: result: no
configure:9051: checking if gcc supports -Werror=unknown-warning-option
configure:9060: gcc -c -g -O2 -Werror=unknown-warning-option  conftest.c >&5
cc1: error: '-Werror=unknown-warning-option': no option -Wunknown-warning-option
configure:9060: $? = 1
configure: failed program was:
| /* confdefs.h */
| #define PACKAGE_NAME "libxkbfile"
| #define PACKAGE_TARNAME "libxkbfile"
| #define PACKAGE_VERSION "1.1.0"
| #define PACKAGE_STRING "libxkbfile 1.1.0"
| #define PACKAGE_BUGREPORT "https://gitlab.freedesktop.org/xorg/lib/libxkbfile/issues"
| #define PACKAGE_URL ""
| #define PACKAGE "libxkbfile"
| #define VERSION "1.1.0"
| #define STDC_HEADERS 1
| #define HAVE_SYS_TYPES_H 1
| #define HAVE_SYS_STAT_H 1
| #define HAVE_STDLIB_H 1
| #define HAVE_STRING_H 1
| #define HAVE_MEMORY_H 1
| #define HAVE_STRINGS_H 1
| #define HAVE_INTTYPES_H 1
| #define HAVE_STDINT_H 1
| #define HAVE_UNISTD_H 1
| #define HAVE_DLFCN_H 1
| #define LT_OBJDIR ".libs/"
| /* end confdefs.h.  */
| int i;
configure:9067: result: no
configure:9078: checking if gcc supports -Werror=unused-command-line-argument
configure:9087: gcc -c -g -O2 -Werror=unused-command-line-argument  conftest.c >&5
cc1: error: '-Werror=unused-command-line-argument': no option -Wunused-command-line-argument
configure:9087: $? = 1
configure: failed program was:
| /* confdefs.h */
| #define PACKAGE_NAME "libxkbfile"
| #define PACKAGE_TARNAME "libxkbfile"
| #define PACKAGE_VERSION "1.1.0"
| #define PACKAGE_STRING "libxkbfile 1.1.0"
| #define PACKAGE_BUGREPORT "https://gitlab.freedesktop.org/xorg/lib/libxkbfile/issues"
| #define PACKAGE_URL ""
| #define PACKAGE "libxkbfile"
| #define VERSION "1.1.0"
| #define STDC_HEADERS 1
| #define HAVE_SYS_TYPES_H 1
| #define HAVE_SYS_STAT_H 1
| #define HAVE_STDLIB_H 1
| #define HAVE_STRING_H 1
| #define HAVE_MEMORY_H 1
| #define HAVE_STRINGS_H 1
| #define HAVE_INTTYPES_H 1
| #define HAVE_STDINT_H 1
| #define HAVE_UNISTD_H 1
| #define HAVE_DLFCN_H 1
| #define LT_OBJDIR ".libs/"
| /* end confdefs.h.  */
| int i;
configure:9094: result: no
configure:9113: checking if gcc supports -Wall
configure:9130: gcc -o conftest -g -O2 -Wall   conftest.c  >&5
configure:9130: $? = 0
configure:9143: result: yes
configure:9231: checking if gcc supports -Wpointer-arith
configure:9248: gcc -o conftest -g -O2 -Wpointer-arith   conftest.c  >&5
configure:9248: $? = 0
configure:9261: result: yes
configure:9349: checking if gcc supports -Wmissing-declarations
configure:9366: gcc -o conftest -g -O2 -Wmissing-declarations   conftest.c  >&5
configure:9366: $? = 0
configure:9379: result: yes
configure:9467: checking if gcc supports -Wformat=2
configure:9484: gcc -o conftest -g -O2 -Wformat=2   conftest.c  >&5
configure:9484: $? = 0
configure:9497: result: yes
configure:9636: checking if gcc supports -Wstrict-prototypes
configure:9653: gcc -o conftest -g -O2 -Wstrict-prototypes   conftest.c  >&5
conftest.c:25:1: warning: function declaration isn't a prototype [-Wstrict-prototypes]
   25 | main ()
      | ^~~~
configure:9653: $? = 0
configure:9666: result: yes
configure:9754: checking if gcc supports -Wmissing-prototypes
configure:9771: gcc -o conftest -g -O2 -Wmissing-prototypes   conftest.c  >&5
configure:9771: $? = 0
configure:9784: result: yes
configure:9872: checking if gcc supports -Wnested-externs
configure:9889: gcc -o conftest -g -O2 -Wnested-externs   conftest.c  >&5
configure:9889: $? = 0
configure:9902: result: yes
configure:9990: checking if gcc supports -Wbad-function-cast
configure:10007: gcc -o conftest -g -O2 -Wbad-function-cast   conftest.c  >&5
configure:10007: $? = 0
configure:10020: result: yes
configure:10108: checking if gcc supports -Wold-style-definition
configure:10125: gcc -o conftest -g -O2 -Wold-style-definition   conftest.c  >&5
conftest.c: In function 'main':
conftest.c:25:1: warning: old-style function definition [-Wold-style-definition]
   25 | main ()
      | ^~~~
configure:10125: $? = 0
configure:10138: result: yes
configure:10275: checking if gcc supports -Wdeclaration-after-statement
configure:10292: gcc -o conftest -g -O2 -Wdeclaration-after-statement   conftest.c  >&5
configure:10292: $? = 0
configure:10305: result: yes
configure:10397: checking if gcc supports -Wunused
configure:10414: gcc -o conftest -g -O2 -Wunused   conftest.c  >&5
configure:10414: $? = 0
configure:10427: result: yes
configure:10515: checking if gcc supports -Wuninitialized
configure:10532: gcc -o conftest -g -O2 -Wuninitialized   conftest.c  >&5
configure:10532: $? = 0
configure:10545: result: yes
configure:10633: checking if gcc supports -Wshadow
configure:10650: gcc -o conftest -g -O2 -Wshadow   conftest.c  >&5
configure:10650: $? = 0
configure:10663: result: yes
configure:10751: checking if gcc supports -Wmissing-noreturn
configure:10768: gcc -o conftest -g -O2 -Wmissing-noreturn   conftest.c  >&5
configure:10768: $? = 0
configure:10781: result: yes
configure:10869: checking if gcc supports -Wmissing-format-attribute
configure:10886: gcc -o conftest -g -O2 -Wmissing-format-attribute   conftest.c  >&5
configure:10886: $? = 0
configure:10899: result: yes
configure:10987: checking if gcc supports -Wredundant-decls
configure:11004: gcc -o conftest -g -O2 -Wredundant-decls   conftest.c  >&5
configure:11004: $? = 0
configure:11017: result: yes
configure:11105: checking if gcc supports -Wlogical-op
configure:11122: gcc -o conftest -g -O2 -Wlogical-op   conftest.c  >&5
configure:11122: $? = 0
configure:11135: result: yes
configure:11235: checking if gcc supports -Werror=implicit
configure:11252: gcc -o conftest -g -O2 -Werror=implicit   conftest.c  >&5
configure:11252: $? = 0
configure:11265: result: yes
configure:11402: checking if gcc supports -Werror=nonnull
configure:11419: gcc -o conftest -g -O2 -Werror=nonnull   conftest.c  >&5
configure:11419: $? = 0
configure:11432: result: yes
configure:11520: checking if gcc supports -Werror=init-self
configure:11537: gcc -o conftest -g -O2 -Werror=init-self   conftest.c  >&5
configure:11537: $? = 0
configure:11550: result: yes
configure:11638: checking if gcc supports -Werror=main
configure:11655: gcc -o conftest -g -O2 -Werror=main   conftest.c  >&5
configure:11655: $? = 0
configure:11668: result: yes
configure:11756: checking if gcc supports -Werror=missing-braces
configure:11773: gcc -o conftest -g -O2 -Werror=missing-braces   conftest.c  >&5
configure:11773: $? = 0
configure:11786: result: yes
configure:11874: checking if gcc supports -Werror=sequence-point
configure:11891: gcc -o conftest -g -O2 -Werror=sequence-point   conftest.c  >&5
configure:11891: $? = 0
configure:11904: result: yes
configure:11992: checking if gcc supports -Werror=return-type
configure:12009: gcc -o conftest -g -O2 -Werror=return-type   conftest.c  >&5
configure:12009: $? = 0
configure:12022: result: yes
configure:12159: checking if gcc supports -Werror=trigraphs
configure:12176: gcc -o conftest -g -O2 -Werror=trigraphs   conftest.c  >&5
configure:12176: $? = 0
configure:12189: result: yes
configure:12277: checking if gcc supports -Werror=array-bounds
configure:12294: gcc -o conftest -g -O2 -Werror=array-bounds   conftest.c  >&5
configure:12294: $? = 0
configure:12307: result: yes
configure:12395: checking if gcc supports -Werror=write-strings
configure:12412: gcc -o conftest -g -O2 -Werror=write-strings   conftest.c  >&5
configure:12412: $? = 0
configure:12425: result: yes
configure:12513: checking if gcc supports -Werror=address
configure:12530: gcc -o conftest -g -O2 -Werror=address   conftest.c  >&5
configure:12530: $? = 0
configure:12543: result: yes
configure:12631: checking if gcc supports -Werror=int-to-pointer-cast
configure:12648: gcc -o conftest -g -O2 -Werror=int-to-pointer-cast   conftest.c  >&5
configure:12648: $? = 0
configure:12661: result: yes
configure:12798: checking if gcc supports -Werror=pointer-to-int-cast
configure:12815: gcc -o conftest -g -O2 -Werror=pointer-to-int-cast   conftest.c  >&5
configure:12815: $? = 0
configure:12828: result: yes
configure:14486: checking if gcc supports -pedantic
configure:14503: gcc -o conftest -g -O2 -pedantic   conftest.c  >&5
configure:14503: $? = 0
configure:14516: result: yes
configure:14604: checking if gcc supports -Werror
configure:14621: gcc -o conftest -g -O2 -Werror   conftest.c  >&5
configure:14621: $? = 0
configure:14634: result: yes
configure:14774: checking if gcc supports -Werror=attributes
configure:14791: gcc -o conftest -g -O2 -Werror=attributes   conftest.c  >&5
configure:14791: $? = 0
configure:14804: result: yes
configure:14968: checking whether make supports nested variables
configure:14985: result: yes
configure:14999: checking for strcasecmp
configure:14999: gcc -o conftest -g -O2   conftest.c  >&5
conftest.c:49:6: warning: conflicting types for built-in function 'strcasecmp'; expected 'int(const char *, const char *)' [-Wbuiltin-declaration-mismatch]
   49 | char strcasecmp ();
      |      ^~~~~~~~~~
configure:14999: $? = 0
configure:14999: result: yes
configure:15008: checking for getc_unlocked
configure:15008: gcc -o conftest -g -O2   conftest.c  >&5
configure:15008: $? = 0
configure:15008: result: yes
configure:15019: checking for XKBFILE
configure:15087: result: no
configure:15089: error: in `/home/via/prog/xserver/libxkbfile-1.1.0':
configure:15091: error: The pkg-config script could not be found or is too old.  Make sure it
is in your PATH or set the PKG_CONFIG environment variable to the full
path to pkg-config.

Alternatively, you may set the environment variables XKBFILE_CFLAGS
and XKBFILE_LIBS to avoid the need to call pkg-config.
See the pkg-config man page for more details.

To get pkg-config, see <http://pkg-config.freedesktop.org/>.
See `config.log' for more details

## ---------------- ##
## Cache variables. ##
## ---------------- ##

ac_cv_build=x86_64-pc-linux-gnu
ac_cv_c_compiler_gnu=yes
ac_cv_env_CC_set=
ac_cv_env_CC_value=
ac_cv_env_CFLAGS_set=
ac_cv_env_CFLAGS_value=
ac_cv_env_CPPFLAGS_set=
ac_cv_env_CPPFLAGS_value=
ac_cv_env_CPP_set=
ac_cv_env_CPP_value=
ac_cv_env_LDFLAGS_set=
ac_cv_env_LDFLAGS_value=
ac_cv_env_LIBS_set=
ac_cv_env_LIBS_value=
ac_cv_env_LT_SYS_LIBRARY_PATH_set=
ac_cv_env_LT_SYS_LIBRARY_PATH_value=
ac_cv_env_PKG_CONFIG_LIBDIR_set=
ac_cv_env_PKG_CONFIG_LIBDIR_value=
ac_cv_env_PKG_CONFIG_PATH_set=
ac_cv_env_PKG_CONFIG_PATH_value=
ac_cv_env_PKG_CONFIG_set=set
ac_cv_env_PKG_CONFIG_value=/home/via/prog/xserver/libdrm-2.4.107/install/lib/x86_64-linux-gnu/pkgconfig
ac_cv_env_XKBFILE_CFLAGS_set=
ac_cv_env_XKBFILE_CFLAGS_value=
ac_cv_env_XKBFILE_LIBS_set=
ac_cv_env_XKBFILE_LIBS_value=
ac_cv_env_build_alias_set=
ac_cv_env_build_alias_value=
ac_cv_env_host_alias_set=
ac_cv_env_host_alias_value=
ac_cv_env_target_alias_set=
ac_cv_env_target_alias_value=
ac_cv_func_getc_unlocked=yes
ac_cv_func_strcasecmp=yes
ac_cv_have_decl___INTEL_COMPILER=no
ac_cv_have_decl___SUNPRO_C=no
ac_cv_have_decl___clang__=no
ac_cv_header_dlfcn_h=yes
ac_cv_header_inttypes_h=yes
ac_cv_header_memory_h=yes
ac_cv_header_stdc=yes
ac_cv_header_stdint_h=yes
ac_cv_header_stdlib_h=yes
ac_cv_header_string_h=yes
ac_cv_header_strings_h=yes
ac_cv_header_sys_stat_h=yes
ac_cv_header_sys_types_h=yes
ac_cv_header_unistd_h=yes
ac_cv_host=x86_64-pc-linux-gnu
ac_cv_objext=o
ac_cv_path_EGREP='/usr/bin/grep -E'
ac_cv_path_FGREP='/usr/bin/grep -F'
ac_cv_path_GREP=/usr/bin/grep
ac_cv_path_SED=/usr/bin/sed
ac_cv_path_install='/usr/bin/install -c'
ac_cv_path_lt_DD=/usr/bin/dd
ac_cv_path_mkdir=/usr/bin/mkdir
ac_cv_prog_AWK=mawk
ac_cv_prog_CPP='gcc -E'
ac_cv_prog_ac_ct_AR=ar
ac_cv_prog_ac_ct_CC=gcc
ac_cv_prog_ac_ct_MANIFEST_TOOL=mt
ac_cv_prog_ac_ct_OBJDUMP=objdump
ac_cv_prog_ac_ct_RANLIB=ranlib
ac_cv_prog_ac_ct_STRIP=strip
ac_cv_prog_cc_c89=
ac_cv_prog_cc_c99=
ac_cv_prog_cc_g=yes
ac_cv_prog_make_make_set=yes
am_cv_CC_dependencies_compiler_type=gcc3
am_cv_make_support_nested_variables=yes
am_cv_prog_cc_c_o=yes
lt_cv_ar_at_file=@
lt_cv_archive_cmds_need_lc=no
lt_cv_deplibs_check_method=pass_all
lt_cv_file_magic_cmd='$MAGIC_CMD'
lt_cv_file_magic_test_file=
lt_cv_ld_reload_flag=-r
lt_cv_nm_interface='BSD nm'
lt_cv_objdir=.libs
lt_cv_path_LD=/usr/bin/ld
lt_cv_path_NM='/usr/bin/nm -B'
lt_cv_path_mainfest_tool=no
lt_cv_prog_compiler_c_o=yes
lt_cv_prog_compiler_pic='-fPIC -DPIC'
lt_cv_prog_compiler_pic_works=yes
lt_cv_prog_compiler_rtti_exceptions=no
lt_cv_prog_compiler_static_works=yes
lt_cv_prog_gnu_ld=yes
lt_cv_sharedlib_from_linklib_cmd='printf %s\n'
lt_cv_shlibpath_overrides_runpath=yes
lt_cv_sys_global_symbol_pipe='sed -n -e '\''s/^.*[	 ]\([ABCDGIRSTW][ABCDGIRSTW]*\)[	 ][	 ]*\([_A-Za-z][_A-Za-z0-9]*\)$/\1 \2 \2/p'\'' | sed '\''/ __gnu_lto/d'\'''
lt_cv_sys_global_symbol_to_c_name_address='sed -n -e '\''s/^: \(.*\) .*$/  {"\1", (void *) 0},/p'\'' -e '\''s/^[ABCDGIRSTW][ABCDGIRSTW]* .* \(.*\)$/  {"\1", (void *) \&\1},/p'\'''
lt_cv_sys_global_symbol_to_c_name_address_lib_prefix='sed -n -e '\''s/^: \(.*\) .*$/  {"\1", (void *) 0},/p'\'' -e '\''s/^[ABCDGIRSTW][ABCDGIRSTW]* .* \(lib.*\)$/  {"\1", (void *) \&\1},/p'\'' -e '\''s/^[ABCDGIRSTW][ABCDGIRSTW]* .* \(.*\)$/  {"lib\1", (void *) \&\1},/p'\'''
lt_cv_sys_global_symbol_to_cdecl='sed -n -e '\''s/^T .* \(.*\)$/extern int \1();/p'\'' -e '\''s/^[ABCDGIRSTW][ABCDGIRSTW]* .* \(.*\)$/extern char \1;/p'\'''
lt_cv_sys_global_symbol_to_import=
lt_cv_sys_max_cmd_len=1572864
lt_cv_to_host_file_cmd=func_convert_file_noop
lt_cv_to_tool_file_cmd=func_convert_file_noop
lt_cv_truncate_bin='/usr/bin/dd bs=4096 count=1'
xorg_cv_cc_flag__Wall=yes
xorg_cv_cc_flag__Wbad_function_cast=yes
xorg_cv_cc_flag__Wdeclaration_after_statement=yes
xorg_cv_cc_flag__Werror=yes
xorg_cv_cc_flag__Werror_address=yes
xorg_cv_cc_flag__Werror_array_bounds=yes
xorg_cv_cc_flag__Werror_attributes=yes
xorg_cv_cc_flag__Werror_implicit=yes
xorg_cv_cc_flag__Werror_init_self=yes
xorg_cv_cc_flag__Werror_int_to_pointer_cast=yes
xorg_cv_cc_flag__Werror_main=yes
xorg_cv_cc_flag__Werror_missing_braces=yes
xorg_cv_cc_flag__Werror_nonnull=yes
xorg_cv_cc_flag__Werror_pointer_to_int_cast=yes
xorg_cv_cc_flag__Werror_return_type=yes
xorg_cv_cc_flag__Werror_sequence_point=yes
xorg_cv_cc_flag__Werror_trigraphs=yes
xorg_cv_cc_flag__Werror_write_strings=yes
xorg_cv_cc_flag__Wformat_2=yes
xorg_cv_cc_flag__Wlogical_op=yes
xorg_cv_cc_flag__Wmissing_declarations=yes
xorg_cv_cc_flag__Wmissing_format_attribute=yes
xorg_cv_cc_flag__Wmissing_noreturn=yes
xorg_cv_cc_flag__Wmissing_prototypes=yes
xorg_cv_cc_flag__Wnested_externs=yes
xorg_cv_cc_flag__Wold_style_definition=yes
xorg_cv_cc_flag__Wpointer_arith=yes
xorg_cv_cc_flag__Wredundant_decls=yes
xorg_cv_cc_flag__Wshadow=yes
xorg_cv_cc_flag__Wstrict_prototypes=yes
xorg_cv_cc_flag__Wuninitialized=yes
xorg_cv_cc_flag__Wunused=yes
xorg_cv_cc_flag__pedantic=yes
xorg_cv_cc_flag_unknown_warning_option=no
xorg_cv_cc_flag_unused_command_line_argument=no

## ----------------- ##
## Output variables. ##
## ----------------- ##

ACLOCAL='${SHELL} /home/via/prog/xserver/libxkbfile-1.1.0/missing aclocal-1.15'
ADMIN_MAN_DIR='$(mandir)/man$(ADMIN_MAN_SUFFIX)'
ADMIN_MAN_SUFFIX='8'
AMDEPBACKSLASH='\'
AMDEP_FALSE='#'
AMDEP_TRUE=''
AMTAR='$${TAR-tar}'
AM_BACKSLASH='\'
AM_DEFAULT_V='$(AM_DEFAULT_VERBOSITY)'
AM_DEFAULT_VERBOSITY='0'
AM_V='$(V)'
APP_MAN_DIR='$(mandir)/man$(APP_MAN_SUFFIX)'
APP_MAN_SUFFIX='1'
AR='ar'
AUTOCONF='${SHELL} /home/via/prog/xserver/libxkbfile-1.1.0/missing autoconf'
AUTOHEADER='${SHELL} /home/via/prog/xserver/libxkbfile-1.1.0/missing autoheader'
AUTOMAKE='${SHELL} /home/via/prog/xserver/libxkbfile-1.1.0/missing automake-1.15'
AWK='mawk'
BASE_CFLAGS=' -Wall -Wpointer-arith -Wmissing-declarations -Wformat=2 -Wstrict-prototypes -Wmissing-prototypes -Wnested-externs -Wbad-function-cast -Wold-style-definition -Wdeclaration-after-statement -Wunused -Wuninitialized -Wshadow -Wmissing-noreturn -Wmissing-format-attribute -Wredundant-decls -Wlogical-op -Werror=implicit -Werror=nonnull -Werror=init-self -Werror=main -Werror=missing-braces -Werror=sequence-point -Werror=return-type -Werror=trigraphs -Werror=array-bounds -Werror=write-strings -Werror=address -Werror=int-to-pointer-cast -Werror=pointer-to-int-cast'
CC='gcc'
CCDEPMODE='depmode=gcc3'
CFLAGS='-g -O2'
CHANGELOG_CMD='(GIT_DIR=$(top_srcdir)/.git git log > $(top_srcdir)/.changelog.tmp && mv $(top_srcdir)/.changelog.tmp $(top_srcdir)/ChangeLog) || (rm -f $(top_srcdir)/.changelog.tmp; touch $(top_srcdir)/ChangeLog; echo '\''git directory not found: installing possibly empty changelog.'\'' >&2)'
CPP='gcc -E'
CPPFLAGS=''
CWARNFLAGS=' -Wall -Wpointer-arith -Wmissing-declarations -Wformat=2 -Wstrict-prototypes -Wmissing-prototypes -Wnested-externs -Wbad-function-cast -Wold-style-definition -Wdeclaration-after-statement -Wunused -Wuninitialized -Wshadow -Wmissing-noreturn -Wmissing-format-attribute -Wredundant-decls -Wlogical-op -Werror=implicit -Werror=nonnull -Werror=init-self -Werror=main -Werror=missing-braces -Werror=sequence-point -Werror=return-type -Werror=trigraphs -Werror=array-bounds -Werror=write-strings -Werror=address -Werror=int-to-pointer-cast -Werror=pointer-to-int-cast -fno-strict-aliasing'
CYGPATH_W='echo'
DEFS=''
DEPDIR='.deps'
DLLTOOL='false'
DRIVER_MAN_DIR='$(mandir)/man$(DRIVER_MAN_SUFFIX)'
DRIVER_MAN_SUFFIX='4'
DSYMUTIL=''
DUMPBIN=''
ECHO_C=''
ECHO_N='-n'
ECHO_T=''
EGREP='/usr/bin/grep -E'
EXEEXT=''
FGREP='/usr/bin/grep -F'
FILE_MAN_DIR='$(mandir)/man$(FILE_MAN_SUFFIX)'
FILE_MAN_SUFFIX='5'
GREP='/usr/bin/grep'
INSTALL_CMD='(cp -f /INSTALL $(top_srcdir)/.INSTALL.tmp && mv $(top_srcdir)/.INSTALL.tmp $(top_srcdir)/INSTALL) || (rm -f $(top_srcdir)/.INSTALL.tmp; touch $(top_srcdir)/INSTALL; echo '\''util-macros "pkgdatadir" from xorg-macros.pc not found: installing possibly empty INSTALL.'\'' >&2)'
INSTALL_DATA='${INSTALL} -m 644'
INSTALL_PROGRAM='${INSTALL}'
INSTALL_SCRIPT='${INSTALL}'
INSTALL_STRIP_PROGRAM='$(install_sh) -c -s'
LD='/usr/bin/ld -m elf_x86_64'
LDFLAGS=''
LIBOBJS=''
LIBS=''
LIBTOOL='$(SHELL) $(top_builddir)/libtool'
LIB_MAN_DIR='$(mandir)/man$(LIB_MAN_SUFFIX)'
LIB_MAN_SUFFIX='3'
LIPO=''
LN_S='ln -s'
LTLIBOBJS=''
LT_SYS_LIBRARY_PATH=''
MAKEINFO='${SHELL} /home/via/prog/xserver/libxkbfile-1.1.0/missing makeinfo'
MANIFEST_TOOL=':'
MAN_SUBSTS='	-e '\''s|__vendorversion__|"$(PACKAGE_STRING)" "$(XORG_MAN_PAGE)"|'\'' 	-e '\''s|__xorgversion__|"$(PACKAGE_STRING)" "$(XORG_MAN_PAGE)"|'\'' 	-e '\''s|__xservername__|Xorg|g'\'' 	-e '\''s|__xconfigfile__|xorg.conf|g'\'' 	-e '\''s|__projectroot__|$(prefix)|g'\'' 	-e '\''s|__apploaddir__|$(appdefaultdir)|g'\'' 	-e '\''s|__appmansuffix__|$(APP_MAN_SUFFIX)|g'\'' 	-e '\''s|__drivermansuffix__|$(DRIVER_MAN_SUFFIX)|g'\'' 	-e '\''s|__adminmansuffix__|$(ADMIN_MAN_SUFFIX)|g'\'' 	-e '\''s|__libmansuffix__|$(LIB_MAN_SUFFIX)|g'\'' 	-e '\''s|__miscmansuffix__|$(MISC_MAN_SUFFIX)|g'\'' 	-e '\''s|__filemansuffix__|$(FILE_MAN_SUFFIX)|g'\'''
MISC_MAN_DIR='$(mandir)/man$(MISC_MAN_SUFFIX)'
MISC_MAN_SUFFIX='7'
MKDIR_P='/usr/bin/mkdir -p'
NM='/usr/bin/nm -B'
NMEDIT=''
OBJDUMP='objdump'
OBJEXT='o'
OTOOL64=''
OTOOL=''
PACKAGE='libxkbfile'
PACKAGE_BUGREPORT='https://gitlab.freedesktop.org/xorg/lib/libxkbfile/issues'
PACKAGE_NAME='libxkbfile'
PACKAGE_STRING='libxkbfile 1.1.0'
PACKAGE_TARNAME='libxkbfile'
PACKAGE_URL=''
PACKAGE_VERSION='1.1.0'
PATH_SEPARATOR=':'
PKG_CONFIG=''
PKG_CONFIG_LIBDIR=''
PKG_CONFIG_PATH=''
RANLIB='ranlib'
SED='/usr/bin/sed'
SET_MAKE=''
SHELL='/bin/bash'
STRICT_CFLAGS=' -pedantic -Werror -Werror=attributes'
STRIP='strip'
VERSION='1.1.0'
XKBFILE_CFLAGS=''
XKBFILE_LIBS=''
XORG_MAN_PAGE='X Version 11'
ac_ct_AR='ar'
ac_ct_CC='gcc'
ac_ct_DUMPBIN=''
am__EXEEXT_FALSE=''
am__EXEEXT_TRUE=''
am__fastdepCC_FALSE='#'
am__fastdepCC_TRUE=''
am__include='include'
am__isrc=''
am__leading_dot='.'
am__nodep='_no'
am__quote=''
am__tar='$${TAR-tar} chof - "$$tardir"'
am__untar='$${TAR-tar} xf -'
bindir='${exec_prefix}/bin'
build='x86_64-pc-linux-gnu'
build_alias=''
build_cpu='x86_64'
build_os='linux-gnu'
build_vendor='pc'
datadir='${datarootdir}'
datarootdir='${prefix}/share'
docdir='${datarootdir}/doc/${PACKAGE_TARNAME}'
dvidir='${docdir}'
exec_prefix='NONE'
host='x86_64-pc-linux-gnu'
host_alias=''
host_cpu='x86_64'
host_os='linux-gnu'
host_vendor='pc'
htmldir='${docdir}'
includedir='${prefix}/include'
infodir='${datarootdir}/info'
install_sh='${SHELL} /home/via/prog/xserver/libxkbfile-1.1.0/install-sh'
libdir='${exec_prefix}/lib'
libexecdir='${exec_prefix}/libexec'
localedir='${datarootdir}/locale'
localstatedir='${prefix}/var'
mandir='${datarootdir}/man'
mkdir_p='$(MKDIR_P)'
oldincludedir='/usr/include'
pdfdir='${docdir}'
prefix='NONE'
program_transform_name='s,x,x,'
psdir='${docdir}'
sbindir='${exec_prefix}/sbin'
sharedstatedir='${prefix}/com'
sysconfdir='${prefix}/etc'
target_alias=''

## ----------- ##
## confdefs.h. ##
## ----------- ##

/* confdefs.h */
#define PACKAGE_NAME "libxkbfile"
#define PACKAGE_TARNAME "libxkbfile"
#define PACKAGE_VERSION "1.1.0"
#define PACKAGE_STRING "libxkbfile 1.1.0"
#define PACKAGE_BUGREPORT "https://gitlab.freedesktop.org/xorg/lib/libxkbfile/issues"
#define PACKAGE_URL ""
#define PACKAGE "libxkbfile"
#define VERSION "1.1.0"
#define STDC_HEADERS 1
#define HAVE_SYS_TYPES_H 1
#define HAVE_SYS_STAT_H 1
#define HAVE_STDLIB_H 1
#define HAVE_STRING_H 1
#define HAVE_MEMORY_H 1
#define HAVE_STRINGS_H 1
#define HAVE_INTTYPES_H 1
#define HAVE_STDINT_H 1
#define HAVE_UNISTD_H 1
#define HAVE_DLFCN_H 1
#define LT_OBJDIR ".libs/"
#define PACKAGE_VERSION_MAJOR 1
#define PACKAGE_VERSION_MINOR 1
#define PACKAGE_VERSION_PATCHLEVEL 0
#define HAVE_UNLOCKED_STDIO 1

configure: exit 1
